# JRE version: Java(TM) SE Runtime Environment (11.0.3+12) (build 11.0.3+12-LTS)
# Java VM: Java HotSpot(TM) 64-Bit Server VM (11.0.3+12-LTS, mixed mode, tiered, compressed oops, g1 gc, windows-amd64)
Heap:
 garbage-first heap   total 247808K, used 174954K [0x00000000a0000000, 0x0000000100000000)
  region size 1024K, 75 young (76800K), 5 survivors (5120K)
 Metaspace       used 116725K, capacity 119630K, committed 120064K, reserved 1155072K
  class space    used 14085K, capacity 15116K, committed 15360K, reserved 1048576K
GC Heap History (10 events):
Event: 249.317 GC heap before
{Heap before GC invocations=37 (full 0):
 garbage-first heap   total 247808K, used 185613K [0x00000000a0000000, 0x0000000100000000)
  region size 1024K, 56 young (57344K), 1 survivors (1024K)
 Metaspace       used 114331K, capacity 117135K, committed 118144K, reserved 1153024K
  class space    used 13816K, capacity 14807K, committed 15232K, reserved 1048576K
}
Event: 249.319 GC heap after
{Heap after GC invocations=38 (full 0):
 garbage-first heap   total 247808K, used 119993K [0x00000000a0000000, 0x0000000100000000)
  region size 1024K, 1 young (1024K), 1 survivors (1024K)
 Metaspace       used 114331K, capacity 117135K, committed 118144K, reserved 1153024K
  class space    used 13816K, capacity 14807K, committed 15232K, reserved 1048576K
}
Event: 249.344 GC heap before
{Heap before GC invocations=38 (full 0):
 garbage-first heap   total 247808K, used 135353K [0x00000000a0000000, 0x0000000100000000)
  region size 1024K, 12 young (12288K), 1 survivors (1024K)
 Metaspace       used 114347K, capacity 117137K, committed 118144K, reserved 1153024K
  class space    used 13816K, capacity 14807K, committed 15232K, reserved 1048576K
}
Event: 249.347 GC heap after
{Heap after GC invocations=39 (full 0):
 garbage-first heap   total 247808K, used 100438K [0x00000000a0000000, 0x0000000100000000)
  region size 1024K, 1 young (1024K), 1 survivors (1024K)
 Metaspace       used 114347K, capacity 117137K, committed 118144K, reserved 1153024K
  class space    used 13816K, capacity 14807K, committed 15232K, reserved 1048576K
}
Event: 375.550 GC heap before
{Heap before GC invocations=39 (full 0):
 garbage-first heap   total 247808K, used 182358K [0x00000000a0000000, 0x0000000100000000)
  region size 1024K, 74 young (75776K), 1 survivors (1024K)
 Metaspace       used 115578K, capacity 118420K, committed 119296K, reserved 1153024K
  class space    used 14003K, capacity 15000K, committed 15360K, reserved 1048576K
}
Event: 375.552 GC heap after
{Heap after GC invocations=40 (full 0):
 garbage-first heap   total 247808K, used 101058K [0x00000000a0000000, 0x0000000100000000)
  region size 1024K, 2 young (2048K), 2 survivors (2048K)
 Metaspace       used 115578K, capacity 118420K, committed 119296K, reserved 1153024K
  class space    used 14003K, capacity 15000K, committed 15360K, reserved 1048576K
}
Event: 510.790 GC heap before
{Heap before GC invocations=40 (full 0):
 garbage-first heap   total 247808K, used 178882K [0x00000000a0000000, 0x0000000100000000)
  region size 1024K, 79 young (80896K), 2 survivors (2048K)
 Metaspace       used 116004K, capacity 118880K, committed 119552K, reserved 1153024K
  class space    used 14042K, capacity 15036K, committed 15360K, reserved 1048576K
}
Event: 510.792 GC heap after
{Heap after GC invocations=41 (full 0):
 garbage-first heap   total 247808K, used 101771K [0x00000000a0000000, 0x0000000100000000)
  region size 1024K, 2 young (2048K), 2 survivors (2048K)
 Metaspace       used 116004K, capacity 118880K, committed 119552K, reserved 1153024K
  class space    used 14042K, capacity 15036K, committed 15360K, reserved 1048576K
}
Event: 520.033 GC heap before
{Heap before GC invocations=41 (full 0):
 garbage-first heap   total 247808K, used 184715K [0x00000000a0000000, 0x0000000100000000)
  region size 1024K, 84 young (86016K), 2 survivors (2048K)
 Metaspace       used 116494K, capacity 119404K, committed 120064K, reserved 1155072K
  class space    used 14079K, capacity 15105K, committed 15360K, reserved 1048576K
}
Event: 520.036 GC heap after
{Heap after GC invocations=42 (full 0):
 garbage-first heap   total 247808K, used 104298K [0x00000000a0000000, 0x0000000100000000)
  region size 1024K, 5 young (5120K), 5 survivors (5120K)
 Metaspace       used 116494K, capacity 119404K, committed 120064K, reserved 1155072K
  class space    used 14079K, capacity 15105K, committed 15360K, reserved 1048576K
}

