# JRE version: Java(TM) SE Runtime Environment (11.0.3+12) (build 11.0.3+12-LTS)
# Java VM: Java HotSpot(TM) 64-Bit Server VM (11.0.3+12-LTS, mixed mode, tiered, compressed oops, g1 gc, windows-amd64)
Heap:
 garbage-first heap   total 247808K, used 151495K [0x00000000a0000000, 0x0000000100000000)
  region size 1024K, 85 young (87040K), 16 survivors (16384K)
 Metaspace       used 82321K, capacity 84247K, committed 84480K, reserved 1122304K
  class space    used 10021K, capacity 10652K, committed 10752K, reserved 1048576K
GC Heap History (10 events):
Event: 5.564 GC heap before
{Heap before GC invocations=7 (full 0):
 garbage-first heap   total 247808K, used 150528K [0x00000000a0000000, 0x0000000100000000)
  region size 1024K, 124 young (126976K), 13 survivors (13312K)
 Metaspace       used 58521K, capacity 59667K, committed 59904K, reserved 1101824K
  class space    used 7442K, capacity 7823K, committed 7936K, reserved 1048576K
}
Event: 5.572 GC heap after
{Heap after GC invocations=8 (full 0):
 garbage-first heap   total 247808K, used 45003K [0x00000000a0000000, 0x0000000100000000)
  region size 1024K, 16 young (16384K), 16 survivors (16384K)
 Metaspace       used 58521K, capacity 59667K, committed 59904K, reserved 1101824K
  class space    used 7442K, capacity 7823K, committed 7936K, reserved 1048576K
}
Event: 5.586 GC heap before
{Heap before GC invocations=8 (full 0):
 garbage-first heap   total 247808K, used 45003K [0x00000000a0000000, 0x0000000100000000)
  region size 1024K, 17 young (17408K), 16 survivors (16384K)
 Metaspace       used 58891K, capacity 60035K, committed 60160K, reserved 1101824K
  class space    used 7481K, capacity 7861K, committed 7936K, reserved 1048576K
}
Event: 5.597 GC heap after
{Heap after GC invocations=9 (full 0):
 garbage-first heap   total 247808K, used 46142K [0x00000000a0000000, 0x0000000100000000)
  region size 1024K, 9 young (9216K), 9 survivors (9216K)
 Metaspace       used 58891K, capacity 60035K, committed 60160K, reserved 1101824K
  class space    used 7481K, capacity 7861K, committed 7936K, reserved 1048576K
}
Event: 6.805 GC heap before
{Heap before GC invocations=10 (full 0):
 garbage-first heap   total 247808K, used 150590K [0x00000000a0000000, 0x0000000100000000)
  region size 1024K, 111 young (113664K), 9 survivors (9216K)
 Metaspace       used 69466K, capacity 70944K, committed 71168K, reserved 1112064K
  class space    used 8887K, capacity 9388K, committed 9472K, reserved 1048576K
}
Event: 6.813 GC heap after
{Heap after GC invocations=11 (full 0):
 garbage-first heap   total 247808K, used 50993K [0x00000000a0000000, 0x0000000100000000)
  region size 1024K, 6 young (6144K), 6 survivors (6144K)
 Metaspace       used 69466K, capacity 70944K, committed 71168K, reserved 1112064K
  class space    used 8887K, capacity 9388K, committed 9472K, reserved 1048576K
}
Event: 462.040 GC heap before
{Heap before GC invocations=11 (full 0):
 garbage-first heap   total 247808K, used 161585K [0x00000000a0000000, 0x0000000100000000)
  region size 1024K, 115 young (117760K), 6 survivors (6144K)
 Metaspace       used 74495K, capacity 76002K, committed 76032K, reserved 1116160K
  class space    used 9200K, capacity 9708K, committed 9728K, reserved 1048576K
}
Event: 462.047 GC heap after
{Heap after GC invocations=12 (full 0):
 garbage-first heap   total 247808K, used 52775K [0x00000000a0000000, 0x0000000100000000)
  region size 1024K, 8 young (8192K), 8 survivors (8192K)
 Metaspace       used 74495K, capacity 76002K, committed 76032K, reserved 1116160K
  class space    used 9200K, capacity 9708K, committed 9728K, reserved 1048576K
}
Event: 463.620 GC heap before
{Heap before GC invocations=12 (full 0):
 garbage-first heap   total 247808K, used 174631K [0x00000000a0000000, 0x0000000100000000)
  region size 1024K, 121 young (123904K), 8 survivors (8192K)
 Metaspace       used 78476K, capacity 80346K, committed 80384K, reserved 1120256K
  class space    used 9630K, capacity 10229K, committed 10240K, reserved 1048576K
}
Event: 463.631 GC heap after
{Heap after GC invocations=13 (full 0):
 garbage-first heap   total 247808K, used 73671K [0x00000000a0000000, 0x0000000100000000)
  region size 1024K, 16 young (16384K), 16 survivors (16384K)
 Metaspace       used 78476K, capacity 80346K, committed 80384K, reserved 1120256K
  class space    used 9630K, capacity 10229K, committed 10240K, reserved 1048576K
}

