# JRE version: Java(TM) SE Runtime Environment (11.0.3+12) (build 11.0.3+12-LTS)
# Java VM: Java HotSpot(TM) 64-Bit Server VM (11.0.3+12-LTS, mixed mode, tiered, compressed oops, g1 gc, windows-amd64)
Heap:
 garbage-first heap   total 247808K, used 103090K [0x00000000a0000000, 0x0000000100000000)
  region size 1024K, 68 young (69632K), 15 survivors (15360K)
 Metaspace       used 74005K, capacity 75594K, committed 75904K, reserved 1116160K
  class space    used 9244K, capacity 9783K, committed 9856K, reserved 1048576K
GC Heap History (10 events):
Event: 1.997 GC heap before
{Heap before GC invocations=3 (full 0):
 garbage-first heap   total 247808K, used 59978K [0x00000000a0000000, 0x0000000100000000)
  region size 1024K, 56 young (57344K), 11 survivors (11264K)
 Metaspace       used 29882K, capacity 30403K, committed 30720K, reserved 1075200K
  class space    used 3788K, capacity 3993K, committed 4096K, reserved 1048576K
}
Event: 2.002 GC heap after
{Heap after GC invocations=4 (full 0):
 garbage-first heap   total 247808K, used 18708K [0x00000000a0000000, 0x0000000100000000)
  region size 1024K, 5 young (5120K), 5 survivors (5120K)
 Metaspace       used 29882K, capacity 30403K, committed 30720K, reserved 1075200K
  class space    used 3788K, capacity 3993K, committed 4096K, reserved 1048576K
}
Event: 2.339 GC heap before
{Heap before GC invocations=4 (full 0):
 garbage-first heap   total 247808K, used 57620K [0x00000000a0000000, 0x0000000100000000)
  region size 1024K, 42 young (43008K), 5 survivors (5120K)
 Metaspace       used 35156K, capacity 35773K, committed 35840K, reserved 1081344K
  class space    used 4384K, capacity 4601K, committed 4608K, reserved 1048576K
}
Event: 2.344 GC heap after
{Heap after GC invocations=5 (full 0):
 garbage-first heap   total 247808K, used 20589K [0x00000000a0000000, 0x0000000100000000)
  region size 1024K, 6 young (6144K), 6 survivors (6144K)
 Metaspace       used 35156K, capacity 35773K, committed 35840K, reserved 1081344K
  class space    used 4384K, capacity 4601K, committed 4608K, reserved 1048576K
}
Event: 3.267 GC heap before
{Heap before GC invocations=6 (full 0):
 garbage-first heap   total 247808K, used 131181K [0x00000000a0000000, 0x0000000100000000)
  region size 1024K, 108 young (110592K), 6 survivors (6144K)
 Metaspace       used 46336K, capacity 47254K, committed 47488K, reserved 1091584K
  class space    used 5892K, capacity 6192K, committed 6272K, reserved 1048576K
}
Event: 3.273 GC heap after
{Heap after GC invocations=7 (full 0):
 garbage-first heap   total 247808K, used 36468K [0x00000000a0000000, 0x0000000100000000)
  region size 1024K, 14 young (14336K), 14 survivors (14336K)
 Metaspace       used 46336K, capacity 47254K, committed 47488K, reserved 1091584K
  class space    used 5892K, capacity 6192K, committed 6272K, reserved 1048576K
}
Event: 4.155 GC heap before
{Heap before GC invocations=7 (full 0):
 garbage-first heap   total 247808K, used 141940K [0x00000000a0000000, 0x0000000100000000)
  region size 1024K, 118 young (120832K), 14 survivors (14336K)
 Metaspace       used 58902K, capacity 60036K, committed 60160K, reserved 1101824K
  class space    used 7482K, capacity 7862K, committed 7936K, reserved 1048576K
}
Event: 4.173 GC heap after
{Heap after GC invocations=8 (full 0):
 garbage-first heap   total 247808K, used 44780K [0x00000000a0000000, 0x0000000100000000)
  region size 1024K, 9 young (9216K), 9 survivors (9216K)
 Metaspace       used 58902K, capacity 60036K, committed 60160K, reserved 1101824K
  class space    used 7482K, capacity 7862K, committed 7936K, reserved 1048576K
}
Event: 5.352 GC heap before
{Heap before GC invocations=9 (full 0):
 garbage-first heap   total 247808K, used 161516K [0x00000000a0000000, 0x0000000100000000)
  region size 1024K, 124 young (126976K), 9 survivors (9216K)
 Metaspace       used 69840K, capacity 71410K, committed 71680K, reserved 1112064K
  class space    used 8947K, capacity 9453K, committed 9472K, reserved 1048576K
}
Event: 5.359 GC heap after
{Heap after GC invocations=10 (full 0):
 garbage-first heap   total 247808K, used 50866K [0x00000000a0000000, 0x0000000100000000)
  region size 1024K, 15 young (15360K), 15 survivors (15360K)
 Metaspace       used 69840K, capacity 71410K, committed 71680K, reserved 1112064K
  class space    used 8947K, capacity 9453K, committed 9472K, reserved 1048576K
}

